<?xml version="1.0" encoding="UTF-8"?>
<!-- Generated by org.testng.reporters.JUnitXMLReporter -->
<testsuite ignored="0" hostname="DESKTOP-KL4S1RB" failures="2" tests="13" name="User Tests" time="47.076" errors="0" timestamp="2023-04-10T14:03:28 EET">
  <testcase classname="com.tests.allure.CountryServiceTest" name="getAllCountry" time="2.719"/>
  <testcase classname="com.tests.allure.CountryServiceTest" name="getIDCountry" time="1.31"/>
  <testcase classname="com.tests.allure.CountryServiceTest" name="getNonIDCountry" time="0.919">
    <failure type="java.lang.AssertionError" message="Country Bulundu  expected [false] but found [true]">
      <![CDATA[java.lang.AssertionError: Country Bulundu  expected [false] but found [true]
at com.tests.allure.CountryServiceTest.getNonIDCountry(CountryServiceTest.java:67)
at java.base/java.util.ArrayList.forEach(ArrayList.java:1541)
... Removed 39 stack frames]]>
    </failure>
  </testcase> <!-- getNonIDCountry -->
  <testcase classname="com.tests.allure.UserStatusServiceTest" name="deleteUserStatusService" time="3.442">
    <failure type="java.lang.AssertionError" message="User Status Bulundu  expected [false] but found [true]">
      <![CDATA[java.lang.AssertionError: User Status Bulundu  expected [false] but found [true]
at com.tests.allure.UserStatusServiceTest.deleteUserStatusService(UserStatusServiceTest.java:147)
at java.base/java.util.ArrayList.forEach(ArrayList.java:1541)
... Removed 39 stack frames]]>
    </failure>
  </testcase> <!-- deleteUserStatusService -->
  <testcase classname="com.tests.allure.UserStatusServiceTest" name="getIDUserStatusService" time="1.743"/>
  <testcase classname="com.tests.allure.UserStatusServiceTest" name="getUserStatusService" time="1.059"/>
  <testcase classname="com.tests.allure.UserStatusServiceTest" name="negativePostNameIsSpaceUserStatusService" time="1.756"/>
  <testcase classname="com.tests.allure.UserStatusServiceTest" name="negativePostNotDescriptionUserStatusService" time="1.81"/>
  <testcase classname="com.tests.allure.UserStatusServiceTest" name="negativePostUserIDStatusService" time="0.886"/>
  <testcase classname="com.tests.allure.UserStatusServiceTest" name="negativePostUserStatusService" time="0.875"/>
  <testcase classname="com.tests.allure.UserStatusServiceTest" name="negativePutUserStatusService" time="2.669"/>
  <testcase classname="com.tests.allure.UserStatusServiceTest" name="postUserStatusService" time="2.65"/>
  <testcase classname="com.tests.allure.UserStatusServiceTest" name="putUserStatusService" time="2.68"/>
</testsuite> <!-- User Tests -->
